<?xml version="1.0" encoding="UTF-8" ?>
<testsuite tests="76" failures="0" name="br.ce.wcaquino.runners.RunnerTest" time="0.023" errors="0" skipped="0">
  <properties>
[...]
</properties>
  <testcase classname="Cenário: Deve alugar um filme com sucesso" name="Dado um filme" time="0.003"/>
  <testcase classname="Cenário: Deve alugar um filme com sucesso" name="Quando alugar" time="0"/>
  <testcase classname="Cenário: Deve alugar um filme com sucesso" name="Então o preço do aluguel será R$ 3" time="0"/>
  <testcase classname="Cenário: Deve alugar um filme com sucesso" name="E a data de entrega será em 1 dia" time="0"/>
  <testcase classname="Cenário: Deve alugar um filme com sucesso" name="E o estoque do filme será 1 unidade" time="0"/>
  <testcase classname="Cenário: Deve alugar um filme com sucesso" name="Cenário: Deve alugar um filme com sucesso" time="0.001"/>
  <testcase classname="Cenário: Não deve alugar filme sem estoque" name="Dado um filme com estoque de 0 unidades" time="0.003"/>
  <testcase classname="Cenário: Não deve alugar filme sem estoque" name="Quando alugar" time="0"/>
  <testcase classname="Cenário: Não deve alugar filme sem estoque" name="Então não será possível por falta de estoque" time="0.001"/>
  <testcase classname="Cenário: Não deve alugar filme sem estoque" name="E o estoque do filme será 0 unidade" time="0"/>
  <testcase classname="Cenário: Não deve alugar filme sem estoque" name="Cenário: Não deve alugar filme sem estoque" time="0.001"/>
  <testcase classname="| 4 | extendido | 8 | 3 | 2 |" name="Dado um filme com estoque de 2 unidades" time="0"/>
  <testcase classname="| 4 | extendido | 8 | 3 | 2 |" name="E que o preço do aluguel seja R$ 4" time="0"/>
  <testcase classname="| 4 | extendido | 8 | 3 | 2 |" name="E que o tipo do aluguel seja extendido" time="0"/>
  <testcase classname="| 4 | extendido | 8 | 3 | 2 |" name="Quando alugar" time="0"/>
  <testcase classname="| 4 | extendido | 8 | 3 | 2 |" name="Então o preço do aluguel será R$ 8" time="0"/>
  <testcase classname="| 4 | extendido | 8 | 3 | 2 |" name="E a data de entrega será em 3 dias" time="0.001"/>
  <testcase classname="| 4 | extendido | 8 | 3 | 2 |" name="E a pontuação será de 2 pontos" time="0"/>
  <testcase classname="| 4 | extendido | 8 | 3 | 2 |" name="| 4 | extendido | 8 | 3 | 2 |" time="0.002"/>
  <testcase classname="| 4 | comum | 4 | 1 | 1 |" name="Dado um filme com estoque de 2 unidades" time="0"/>
  <testcase classname="| 4 | comum | 4 | 1 | 1 |" name="E que o preço do aluguel seja R$ 4" time="0.001"/>
  <testcase classname="| 4 | comum | 4 | 1 | 1 |" name="E que o tipo do aluguel seja comum" time="0"/>
  <testcase classname="| 4 | comum | 4 | 1 | 1 |" name="Quando alugar" time="0"/>
  <testcase classname="| 4 | comum | 4 | 1 | 1 |" name="Então o preço do aluguel será R$ 4" time="0"/>
  <testcase classname="| 4 | comum | 4 | 1 | 1 |" name="E a data de entrega será em 1 dias" time="0"/>
  <testcase classname="| 4 | comum | 4 | 1 | 1 |" name="E a pontuação será de 1 pontos" time="0"/>
  <testcase classname="| 4 | comum | 4 | 1 | 1 |" name="| 4 | comum | 4 | 1 | 1 |" time="0.001"/>
  <testcase classname="| 10 | extendido | 20 | 3 | 2 |" name="Dado um filme com estoque de 2 unidades" time="0"/>
  <testcase classname="| 10 | extendido | 20 | 3 | 2 |" name="E que o preço do aluguel seja R$ 10" time="0"/>
  <testcase classname="| 10 | extendido | 20 | 3 | 2 |" name="E que o tipo do aluguel seja extendido" time="0"/>
  <testcase classname="| 10 | extendido | 20 | 3 | 2 |" name="Quando alugar" time="0"/>
  <testcase classname="| 10 | extendido | 20 | 3 | 2 |" name="Então o preço do aluguel será R$ 20" time="0"/>
  <testcase classname="| 10 | extendido | 20 | 3 | 2 |" name="E a data de entrega será em 3 dias" time="0"/>
  <testcase classname="| 10 | extendido | 20 | 3 | 2 |" name="E a pontuação será de 2 pontos" time="0"/>
  <testcase classname="| 10 | extendido | 20 | 3 | 2 |" name="| 10 | extendido | 20 | 3 | 2 |" time="0.001"/>
  <testcase classname="| 5 | semanal | 15 | 7 | 3 |" name="Dado um filme com estoque de 2 unidades" time="0"/>
  <testcase classname="| 5 | semanal | 15 | 7 | 3 |" name="E que o preço do aluguel seja R$ 5" time="0"/>
  <testcase classname="| 5 | semanal | 15 | 7 | 3 |" name="E que o tipo do aluguel seja semanal" time="0"/>
  <testcase classname="| 5 | semanal | 15 | 7 | 3 |" name="Quando alugar" time="0"/>
  <testcase classname="| 5 | semanal | 15 | 7 | 3 |" name="Então o preço do aluguel será R$ 15" time="0"/>
  <testcase classname="| 5 | semanal | 15 | 7 | 3 |" name="E a data de entrega será em 7 dias" time="0"/>
  <testcase classname="| 5 | semanal | 15 | 7 | 3 |" name="E a pontuação será de 3 pontos" time="0"/>
  <testcase classname="| 5 | semanal | 15 | 7 | 3 |" name="| 5 | semanal | 15 | 7 | 3 |" time="0.002"/>
  <testcase classname="Cenário: Deve executar especificação" name="Dado que criei o arquivo corretamente" time="0"/>
  <testcase classname="Cenário: Deve executar especificação" name="Quando executá-lo" time="0"/>
  <testcase classname="Cenário: Deve executar especificação" name="Então a especificação deve finalizar com sucesso" time="0"/>
  <testcase classname="Cenário: Deve executar especificação" name="Cenário: Deve executar especificação" time="0.004"/>
  <testcase classname="Cenário: Deve incrementar contador" name="Dado que o valor do contador é 15" time="0"/>
  <testcase classname="Cenário: Deve incrementar contador" name="Quando eu incrementar em 3" time="0"/>
  <testcase classname="Cenário: Deve incrementar contador" name="Então o valor do contador será 18" time="0"/>
  <testcase classname="Cenário: Deve incrementar contador" name="Cenário: Deve incrementar contador" time="0"/>
  <testcase classname="Cenário: Deve incrementar contador" name="Dado que o valor do contador é 123" time="0"/>
  <testcase classname="Cenário: Deve incrementar contador" name="Quando eu incrementar em 35" time="0"/>
  <testcase classname="Cenário: Deve incrementar contador" name="Então o valor do contador será 158" time="0"/>
  <testcase classname="Cenário: Deve incrementar contador" name="Cenário: Deve incrementar contador" time="0"/>
  <testcase classname="Cenário: Deve calcular atraso na entrega" name="Dado que a entrega é dia 05/04/2018" time="0"/>
  <testcase classname="Cenário: Deve calcular atraso na entrega" name="Quando a entrega atrasar em 2 dias" time="0"/>
  <testcase classname="Cenário: Deve calcular atraso na entrega" name="Então a entrega será efetuada em 07/04/2018" time="0"/>
  <testcase classname="Cenário: Deve calcular atraso na entrega" name="Cenário: Deve calcular atraso na entrega" time="0"/>
  <testcase classname="Cenário: Deve calcular atraso na entrega da china" name="Dado que a entrega é dia 05/04/2018" time="0"/>
  <testcase classname="Cenário: Deve calcular atraso na entrega da china" name="Quando a entrega atrasar em 2 meses" time="0"/>
  <testcase classname="Cenário: Deve calcular atraso na entrega da china" name="Então a entrega será efetuada em 05/06/2018" time="0"/>
  <testcase classname="Cenário: Deve calcular atraso na entrega da china" name="Cenário: Deve calcular atraso na entrega da china" time="0"/>
  <testcase classname="Cenário: Deve criar steps genéricos para estes passos" name="* que o ticket é AF345" time="0"/>
  <testcase classname="Cenário: Deve criar steps genéricos para estes passos" name="* que o valor da passagem é R$ 230,45" time="0"/>
  <testcase classname="Cenário: Deve criar steps genéricos para estes passos" name="* que o nome do passageiro é &quot;Fulano da Silva&quot;" time="0"/>
  <testcase classname="Cenário: Deve criar steps genéricos para estes passos" name="* que o telefone do passageiro é 9999-9999" time="0"/>
  <testcase classname="Cenário: Deve criar steps genéricos para estes passos" name="* criar os steps" time="0"/>
  <testcase classname="Cenário: Deve criar steps genéricos para estes passos" name="* o teste vai funcionar" time="0"/>
  <testcase classname="Cenário: Deve criar steps genéricos para estes passos" name="Cenário: Deve criar steps genéricos para estes passos" time="0.001"/>
  <testcase classname="Cenário: Deve reaproveitar os steps &quot;Dado&quot; do cenário anterior" name="Dado que o ticket é AB167" time="0"/>
  <testcase classname="Cenário: Deve reaproveitar os steps &quot;Dado&quot; do cenário anterior" name="Dado que o ticket especial é AB167" time="0"/>
  <testcase classname="Cenário: Deve reaproveitar os steps &quot;Dado&quot; do cenário anterior" name="Dado que o valor da passagem é R$ 1120,23" time="0"/>
  <testcase classname="Cenário: Deve reaproveitar os steps &quot;Dado&quot; do cenário anterior" name="Dado que o nome do passageiro é &quot;Cicrano de Oliveira&quot;" time="0"/>
  <testcase classname="Cenário: Deve reaproveitar os steps &quot;Dado&quot; do cenário anterior" name="Dado que o telefone do passageiro é 9888-8888" time="0"/>
  <testcase classname="Cenário: Deve reaproveitar os steps &quot;Dado&quot; do cenário anterior" name="Cenário: Deve reaproveitar os steps &quot;Dado&quot; do cenário anterior" time="0.001"/>
</testsuite>